
*** Running vivado
    with args -log blinker_v2.vds -m64 -product Vivado -mode batch -messageDb vivado.pb -notrace -source blinker_v2.tcl



****** Vivado v2024.2 (64-bit)
  **** SW Build 5239630 on Fri Nov 08 22:35:27 MST 2024
  **** IP Build 5239520 on Sun Nov 10 16:12:51 MST 2024
  **** SharedData Build 5239561 on Fri Nov 08 14:39:27 MST 2024
  **** Start of session at: Mon May 26 13:02:45 2025
    ** Copyright 1986-2022 Xilinx, Inc. All Rights Reserved.
    ** Copyright 2022-2024 Advanced Micro Devices, Inc. All Rights Reserved.

source blinker_v2.tcl -notrace
Command: read_checkpoint -auto_incremental -incremental C:/Dev/uni/master/II/Lab2/Lab1.srcs/utils_1/imports/synth_1/blinker_v2_pulsegen.dcp
INFO: [Vivado 12-5825] Read reference checkpoint from C:/Dev/uni/master/II/Lab2/Lab1.srcs/utils_1/imports/synth_1/blinker_v2_pulsegen.dcp for incremental synthesis
INFO: [Vivado 12-7989] Please ensure there are no constraint changes
Command: synth_design -top blinker_v2 -part xc7s25csga225-1
Starting synth_design
Attempting to get a license for feature 'Synthesis' and/or device 'xc7s25'
INFO: [Common 17-349] Got license for feature 'Synthesis' and/or device 'xc7s25'
INFO: [Device 21-403] Loading part xc7s25csga225-1
INFO: [Synth 8-7079] Multithreading enabled for synth_design using a maximum of 2 processes.
INFO: [Synth 8-7078] Launching helper process for spawning children vivado processes
INFO: [Synth 8-7075] Helper process launched with PID 20672
---------------------------------------------------------------------------------
Starting RTL Elaboration : Time (s): cpu = 00:00:05 ; elapsed = 00:00:05 . Memory (MB): peak = 928.641 ; gain = 464.207
---------------------------------------------------------------------------------
INFO: [Synth 8-638] synthesizing module 'blinker_v2' [C:/Dev/uni/master/II/Lab2/Lab1.srcs/sources_1/imports/design/blinker_v2.vhd:21]
INFO: [Synth 8-3491] module 'blinker_v2_pulsegen' declared at 'C:/Dev/uni/master/II/Lab2/Lab1.srcs/sources_1/imports/design/blinker_v2_pulsegen.vhd:34' bound to instance 'dut_pulsegen' of component 'blinker_v2_pulsegen' [C:/Dev/uni/master/II/Lab2/Lab1.srcs/sources_1/imports/design/blinker_v2.vhd:40]
INFO: [Synth 8-638] synthesizing module 'blinker_v2_pulsegen' [C:/Dev/uni/master/II/Lab2/Lab1.srcs/sources_1/imports/design/blinker_v2_pulsegen.vhd:40]
INFO: [Synth 8-3491] module 'blinker_v2_FFRE' declared at 'C:/Dev/uni/master/II/Lab2/Lab1.srcs/sources_1/imports/design/blinker_v2_FFRE.vhd:34' bound to instance 'ff0' of component 'blinker_v2_FFRE' [C:/Dev/uni/master/II/Lab2/Lab1.srcs/sources_1/imports/design/blinker_v2_pulsegen.vhd:53]
INFO: [Synth 8-638] synthesizing module 'blinker_v2_FFRE' [C:/Dev/uni/master/II/Lab2/Lab1.srcs/sources_1/imports/design/blinker_v2_FFRE.vhd:41]
INFO: [Synth 8-256] done synthesizing module 'blinker_v2_FFRE' (0#1) [C:/Dev/uni/master/II/Lab2/Lab1.srcs/sources_1/imports/design/blinker_v2_FFRE.vhd:41]
INFO: [Synth 8-3491] module 'blinker_v2_FFRE' declared at 'C:/Dev/uni/master/II/Lab2/Lab1.srcs/sources_1/imports/design/blinker_v2_FFRE.vhd:34' bound to instance 'ff1' of component 'blinker_v2_FFRE' [C:/Dev/uni/master/II/Lab2/Lab1.srcs/sources_1/imports/design/blinker_v2_pulsegen.vhd:54]
INFO: [Synth 8-256] done synthesizing module 'blinker_v2_pulsegen' (0#1) [C:/Dev/uni/master/II/Lab2/Lab1.srcs/sources_1/imports/design/blinker_v2_pulsegen.vhd:40]
INFO: [Synth 8-3491] module 'blinker_v2_fsm' declared at 'C:/Dev/uni/master/II/Lab2/Lab1.srcs/sources_1/imports/design/blinker_v2_fsm.vhd:34' bound to instance 'dut_fsm' of component 'blinker_v2_fsm' [C:/Dev/uni/master/II/Lab2/Lab1.srcs/sources_1/imports/design/blinker_v2.vhd:41]
INFO: [Synth 8-638] synthesizing module 'blinker_v2_fsm' [C:/Dev/uni/master/II/Lab2/Lab1.srcs/sources_1/imports/design/blinker_v2_fsm.vhd:41]
INFO: [Synth 8-256] done synthesizing module 'blinker_v2_fsm' (0#1) [C:/Dev/uni/master/II/Lab2/Lab1.srcs/sources_1/imports/design/blinker_v2_fsm.vhd:41]
INFO: [Synth 8-256] done synthesizing module 'blinker_v2' (0#1) [C:/Dev/uni/master/II/Lab2/Lab1.srcs/sources_1/imports/design/blinker_v2.vhd:21]
WARNING: [Synth 8-6014] Unused sequential element Q_reg was removed.  [C:/Dev/uni/master/II/Lab2/Lab1.srcs/sources_1/imports/design/blinker_v2_FFRE.vhd:49]
---------------------------------------------------------------------------------
Finished RTL Elaboration : Time (s): cpu = 00:00:06 ; elapsed = 00:00:07 . Memory (MB): peak = 1033.148 ; gain = 568.715
---------------------------------------------------------------------------------
---------------------------------------------------------------------------------
Start Handling Custom Attributes
---------------------------------------------------------------------------------
---------------------------------------------------------------------------------
Finished Handling Custom Attributes : Time (s): cpu = 00:00:06 ; elapsed = 00:00:07 . Memory (MB): peak = 1033.148 ; gain = 568.715
---------------------------------------------------------------------------------
---------------------------------------------------------------------------------
Finished RTL Optimization Phase 1 : Time (s): cpu = 00:00:06 ; elapsed = 00:00:07 . Memory (MB): peak = 1033.148 ; gain = 568.715
---------------------------------------------------------------------------------
Netlist sorting complete. Time (s): cpu = 00:00:00 ; elapsed = 00:00:00.001 . Memory (MB): peak = 1033.148 ; gain = 0.000
INFO: [Project 1-570] Preparing netlist for logic optimization

Processing XDC Constraints
Initializing timing engine
Parsing XDC File [C:/Dev/uni/master/II/Lab2/Lab1.srcs/constrs_1/imports/SpartanConstraints/Cmod-S7-25-Master.xdc]
WARNING: [Vivado 12-584] No ports matched 'led[0]'. [C:/Dev/uni/master/II/Lab2/Lab1.srcs/constrs_1/imports/SpartanConstraints/Cmod-S7-25-Master.xdc:22]
CRITICAL WARNING: [Common 17-55] 'set_property' expects at least one object. [C:/Dev/uni/master/II/Lab2/Lab1.srcs/constrs_1/imports/SpartanConstraints/Cmod-S7-25-Master.xdc:22]
Resolution: If [get_<value>] was used to populate the object, check to make sure this command returns at least one valid object.
WARNING: [Vivado 12-584] No ports matched 'led[1]'. [C:/Dev/uni/master/II/Lab2/Lab1.srcs/constrs_1/imports/SpartanConstraints/Cmod-S7-25-Master.xdc:23]
CRITICAL WARNING: [Common 17-55] 'set_property' expects at least one object. [C:/Dev/uni/master/II/Lab2/Lab1.srcs/constrs_1/imports/SpartanConstraints/Cmod-S7-25-Master.xdc:23]
Resolution: If [get_<value>] was used to populate the object, check to make sure this command returns at least one valid object.
WARNING: [Vivado 12-584] No ports matched 'led[2]'. [C:/Dev/uni/master/II/Lab2/Lab1.srcs/constrs_1/imports/SpartanConstraints/Cmod-S7-25-Master.xdc:24]
CRITICAL WARNING: [Common 17-55] 'set_property' expects at least one object. [C:/Dev/uni/master/II/Lab2/Lab1.srcs/constrs_1/imports/SpartanConstraints/Cmod-S7-25-Master.xdc:24]
Resolution: If [get_<value>] was used to populate the object, check to make sure this command returns at least one valid object.
WARNING: [Vivado 12-584] No ports matched 'led[3]'. [C:/Dev/uni/master/II/Lab2/Lab1.srcs/constrs_1/imports/SpartanConstraints/Cmod-S7-25-Master.xdc:25]
CRITICAL WARNING: [Common 17-55] 'set_property' expects at least one object. [C:/Dev/uni/master/II/Lab2/Lab1.srcs/constrs_1/imports/SpartanConstraints/Cmod-S7-25-Master.xdc:25]
Resolution: If [get_<value>] was used to populate the object, check to make sure this command returns at least one valid object.
Finished Parsing XDC File [C:/Dev/uni/master/II/Lab2/Lab1.srcs/constrs_1/imports/SpartanConstraints/Cmod-S7-25-Master.xdc]
INFO: [Project 1-236] Implementation specific constraints were found while reading constraint file [C:/Dev/uni/master/II/Lab2/Lab1.srcs/constrs_1/imports/SpartanConstraints/Cmod-S7-25-Master.xdc]. These constraints will be ignored for synthesis but will be used in implementation. Impacted constraints are listed in the file [.Xil/blinker_v2_propImpl.xdc].
Resolution: To avoid this warning, move constraints listed in [.Xil/blinker_v2_propImpl.xdc] to another XDC file and exclude this new file from synthesis with the used_in_synthesis property (File Properties dialog in GUI) and re-run elaboration/synthesis.
Completed Processing XDC Constraints

Netlist sorting complete. Time (s): cpu = 00:00:00 ; elapsed = 00:00:00 . Memory (MB): peak = 1094.566 ; gain = 0.000
INFO: [Project 1-111] Unisim Transformation Summary:
No Unisim elements were transformed.

Constraint Validation Runtime : Time (s): cpu = 00:00:00 ; elapsed = 00:00:00.002 . Memory (MB): peak = 1094.566 ; gain = 0.000
---------------------------------------------------------------------------------
Finished Constraint Validation : Time (s): cpu = 00:00:12 ; elapsed = 00:00:14 . Memory (MB): peak = 1094.566 ; gain = 630.133
---------------------------------------------------------------------------------
---------------------------------------------------------------------------------
Start Loading Part and Timing Information
---------------------------------------------------------------------------------
Loading part: xc7s25csga225-1
---------------------------------------------------------------------------------
Finished Loading Part and Timing Information : Time (s): cpu = 00:00:12 ; elapsed = 00:00:14 . Memory (MB): peak = 1094.566 ; gain = 630.133
---------------------------------------------------------------------------------
---------------------------------------------------------------------------------
Start Applying 'set_property' XDC Constraints
---------------------------------------------------------------------------------
---------------------------------------------------------------------------------
Finished applying 'set_property' XDC Constraints : Time (s): cpu = 00:00:12 ; elapsed = 00:00:14 . Memory (MB): peak = 1094.566 ; gain = 630.133
---------------------------------------------------------------------------------
---------------------------------------------------------------------------------
Start Preparing Guide Design
---------------------------------------------------------------------------------
CRITICAL WARNING: [Synth 8-6895] The reference checkpoint C:/Dev/uni/master/II/Lab2/Lab1.srcs/utils_1/imports/synth_1/blinker_v2_pulsegen.dcp is not suitable for use with incremental synthesis for this design. Please regenerate the checkpoint for this design with -incremental_synth switch in the same Vivado session that synth_design has been run. Synthesis will continue with the default flow
---------------------------------------------------------------------------------
Finished Doing Graph Differ : Time (s): cpu = 00:00:12 ; elapsed = 00:00:14 . Memory (MB): peak = 1094.566 ; gain = 630.133
---------------------------------------------------------------------------------
---------------------------------------------------------------------------------
Finished Preparing Guide Design : Time (s): cpu = 00:00:12 ; elapsed = 00:00:14 . Memory (MB): peak = 1094.566 ; gain = 630.133
---------------------------------------------------------------------------------
INFO: [Synth 8-802] inferred FSM for state register 'State_reg' in module 'blinker_v2_fsm'
---------------------------------------------------------------------------------------------------
                   State |                     New Encoding |                Previous Encoding 
---------------------------------------------------------------------------------------------------
                state_s0 |                               00 |                               00
                state_s2 |                               01 |                               10
                state_s1 |                               10 |                               01
                state_s3 |                               11 |                               11
---------------------------------------------------------------------------------------------------
INFO: [Synth 8-3354] encoded FSM with state register 'State_reg' using encoding 'sequential' in module 'blinker_v2_fsm'
---------------------------------------------------------------------------------
Finished RTL Optimization Phase 2 : Time (s): cpu = 00:00:12 ; elapsed = 00:00:14 . Memory (MB): peak = 1094.566 ; gain = 630.133
---------------------------------------------------------------------------------


Incremental Synthesis Report Summary:

1. Incremental synthesis run: no

   Reason for not running incremental synthesis : 


INFO: [Synth 8-7130] Flow is switching to default flow due to incremental criteria not met. If you would like to alter this behaviour and have the flow terminate instead, please set the following parameter config_implementation {autoIncr.Synth.RejectBehavior Terminate}
---------------------------------------------------------------------------------
Start RTL Component Statistics 
---------------------------------------------------------------------------------
Detailed RTL Component Info : 
+---Registers : 
	                1 Bit    Registers := 2     
+---Muxes : 
	   4 Input    2 Bit        Muxes := 1     
	   2 Input    2 Bit        Muxes := 4     
	   2 Input    1 Bit        Muxes := 1     
---------------------------------------------------------------------------------
Finished RTL Component Statistics 
---------------------------------------------------------------------------------
---------------------------------------------------------------------------------
Start Part Resource Summary
---------------------------------------------------------------------------------
Part Resources:
DSPs: 80 (col length:40)
BRAMs: 90 (col length: RAMB18 40 RAMB36 20)
---------------------------------------------------------------------------------
Finished Part Resource Summary
---------------------------------------------------------------------------------
---------------------------------------------------------------------------------
Start Cross Boundary and Area Optimization
---------------------------------------------------------------------------------
WARNING: [Synth 8-7080] Parallel synthesis criteria is not met
---------------------------------------------------------------------------------
Finished Cross Boundary and Area Optimization : Time (s): cpu = 00:00:13 ; elapsed = 00:00:16 . Memory (MB): peak = 1094.566 ; gain = 630.133
---------------------------------------------------------------------------------
---------------------------------------------------------------------------------
Start Applying XDC Timing Constraints
---------------------------------------------------------------------------------
---------------------------------------------------------------------------------
Finished Applying XDC Timing Constraints : Time (s): cpu = 00:00:18 ; elapsed = 00:00:21 . Memory (MB): peak = 1225.629 ; gain = 761.195
---------------------------------------------------------------------------------
---------------------------------------------------------------------------------
Start Timing Optimization
---------------------------------------------------------------------------------
---------------------------------------------------------------------------------
Finished Timing Optimization : Time (s): cpu = 00:00:18 ; elapsed = 00:00:21 . Memory (MB): peak = 1235.203 ; gain = 770.770
---------------------------------------------------------------------------------
---------------------------------------------------------------------------------
Start Technology Mapping
---------------------------------------------------------------------------------
---------------------------------------------------------------------------------
Finished Technology Mapping : Time (s): cpu = 00:00:18 ; elapsed = 00:00:21 . Memory (MB): peak = 1235.711 ; gain = 771.277
---------------------------------------------------------------------------------
---------------------------------------------------------------------------------
Start IO Insertion
---------------------------------------------------------------------------------
---------------------------------------------------------------------------------
Start Flattening Before IO Insertion
---------------------------------------------------------------------------------
---------------------------------------------------------------------------------
Finished Flattening Before IO Insertion
---------------------------------------------------------------------------------
---------------------------------------------------------------------------------
Start Final Netlist Cleanup
---------------------------------------------------------------------------------
---------------------------------------------------------------------------------
Finished Final Netlist Cleanup
---------------------------------------------------------------------------------
---------------------------------------------------------------------------------
Finished IO Insertion : Time (s): cpu = 00:00:21 ; elapsed = 00:00:24 . Memory (MB): peak = 1452.441 ; gain = 988.008
---------------------------------------------------------------------------------
---------------------------------------------------------------------------------
Start Renaming Generated Instances
---------------------------------------------------------------------------------
---------------------------------------------------------------------------------
Finished Renaming Generated Instances : Time (s): cpu = 00:00:21 ; elapsed = 00:00:24 . Memory (MB): peak = 1452.441 ; gain = 988.008
---------------------------------------------------------------------------------
---------------------------------------------------------------------------------
Start Rebuilding User Hierarchy
---------------------------------------------------------------------------------
---------------------------------------------------------------------------------
Finished Rebuilding User Hierarchy : Time (s): cpu = 00:00:21 ; elapsed = 00:00:24 . Memory (MB): peak = 1452.441 ; gain = 988.008
---------------------------------------------------------------------------------
---------------------------------------------------------------------------------
Start Renaming Generated Ports
---------------------------------------------------------------------------------
---------------------------------------------------------------------------------
Finished Renaming Generated Ports : Time (s): cpu = 00:00:21 ; elapsed = 00:00:24 . Memory (MB): peak = 1452.441 ; gain = 988.008
---------------------------------------------------------------------------------
---------------------------------------------------------------------------------
Start Handling Custom Attributes
---------------------------------------------------------------------------------
---------------------------------------------------------------------------------
Finished Handling Custom Attributes : Time (s): cpu = 00:00:21 ; elapsed = 00:00:24 . Memory (MB): peak = 1452.441 ; gain = 988.008
---------------------------------------------------------------------------------
---------------------------------------------------------------------------------
Start Renaming Generated Nets
---------------------------------------------------------------------------------
---------------------------------------------------------------------------------
Finished Renaming Generated Nets : Time (s): cpu = 00:00:21 ; elapsed = 00:00:24 . Memory (MB): peak = 1452.441 ; gain = 988.008
---------------------------------------------------------------------------------
---------------------------------------------------------------------------------
Start Writing Synthesis Report
---------------------------------------------------------------------------------

Report BlackBoxes: 
+-+--------------+----------+
| |BlackBox name |Instances |
+-+--------------+----------+
+-+--------------+----------+

Report Cell Usage: 
+------+-----+------+
|      |Cell |Count |
+------+-----+------+
|1     |BUFG |     1|
|2     |LUT2 |     1|
|3     |LUT3 |     1|
|4     |LUT4 |     1|
|5     |FDCE |     1|
|6     |FDPE |     1|
|7     |FDRE |     2|
|8     |IBUF |     3|
|9     |OBUF |     3|
+------+-----+------+
---------------------------------------------------------------------------------
Finished Writing Synthesis Report : Time (s): cpu = 00:00:21 ; elapsed = 00:00:24 . Memory (MB): peak = 1452.441 ; gain = 988.008
---------------------------------------------------------------------------------
Synthesis finished with 0 errors, 1 critical warnings and 1 warnings.
Synthesis Optimization Runtime : Time (s): cpu = 00:00:14 ; elapsed = 00:00:23 . Memory (MB): peak = 1452.441 ; gain = 926.590
Synthesis Optimization Complete : Time (s): cpu = 00:00:21 ; elapsed = 00:00:24 . Memory (MB): peak = 1452.441 ; gain = 988.008
INFO: [Project 1-571] Translating synthesized netlist
Netlist sorting complete. Time (s): cpu = 00:00:00 ; elapsed = 00:00:00 . Memory (MB): peak = 1452.441 ; gain = 0.000
INFO: [Project 1-570] Preparing netlist for logic optimization
INFO: [Opt 31-138] Pushed 0 inverter(s) to 0 load pin(s).
Netlist sorting complete. Time (s): cpu = 00:00:00 ; elapsed = 00:00:00 . Memory (MB): peak = 1452.441 ; gain = 0.000
INFO: [Project 1-111] Unisim Transformation Summary:
No Unisim elements were transformed.

Synth Design complete | Checksum: 30feda32
INFO: [Common 17-83] Releasing license: Synthesis
30 Infos, 6 Warnings, 5 Critical Warnings and 0 Errors encountered.
synth_design completed successfully
synth_design: Time (s): cpu = 00:00:24 ; elapsed = 00:00:47 . Memory (MB): peak = 1452.441 ; gain = 1151.008
INFO: [runtcl-6] Synthesis results are not added to the cache due to CRITICAL_WARNING
Write ShapeDB Complete: Time (s): cpu = 00:00:00 ; elapsed = 00:00:00 . Memory (MB): peak = 1452.441 ; gain = 0.000
INFO: [Common 17-1381] The checkpoint 'C:/Dev/uni/master/II/Lab2/Lab1.runs/synth_1/blinker_v2.dcp' has been generated.
INFO: [Vivado 12-24828] Executing command : report_utilization -file blinker_v2_utilization_synth.rpt -pb blinker_v2_utilization_synth.pb
INFO: [Common 17-206] Exiting Vivado at Mon May 26 13:03:35 2025...
