This is pdfTeX, Version 3.14159265-2.6-1.40.20 (TeX Live 2019/Debian) (preloaded format=latex 2021.11.18)  18 NOV 2021 14:43
entering extended mode
 restricted \write18 enabled.
 %&-line parsing enabled.
**doc.tex
(./doc.tex
LaTeX2e <2020-02-02> patch level 2
L3 programming layer <2020-02-14>
(/usr/share/texlive/texmf-dist/tex/latex/base/article.cls
Document Class: article 2019/12/20 v1.4l Standard LaTeX document class
(/usr/share/texlive/texmf-dist/tex/latex/base/size10.clo
File: size10.clo 2019/12/20 v1.4l Standard LaTeX file (size option)
)
\c@part=\count167
\c@section=\count168
\c@subsection=\count169
\c@subsubsection=\count170
\c@paragraph=\count171
\c@subparagraph=\count172
\c@figure=\count173
\c@table=\count174
\abovecaptionskip=\skip47
\belowcaptionskip=\skip48
\bibindent=\dimen134
)
(/usr/share/texlive/texmf-dist/tex/latex/l3backend/l3backend-dvips.def
File: l3backend-dvips.def 2020-02-03 L3 backend support: dvips
\l__pdf_internal_box=\box45
\g__pdf_backend_object_int=\count175
\l__pdf_backend_content_box=\box46
\l__pdf_backend_model_box=\box47
\g__pdf_backend_annotation_int=\count176
\g__pdf_backend_link_int=\count177
\g__pdf_backend_link_sf_int=\count178
)
(./doc.aux)
\openout1 = `doc.aux'.

LaTeX Font Info:    Checking defaults for OML/cmm/m/it on input line 3.
LaTeX Font Info:    ... okay on input line 3.
LaTeX Font Info:    Checking defaults for OMS/cmsy/m/n on input line 3.
LaTeX Font Info:    ... okay on input line 3.
LaTeX Font Info:    Checking defaults for OT1/cmr/m/n on input line 3.
LaTeX Font Info:    ... okay on input line 3.
LaTeX Font Info:    Checking defaults for T1/cmr/m/n on input line 3.
LaTeX Font Info:    ... okay on input line 3.
LaTeX Font Info:    Checking defaults for TS1/cmr/m/n on input line 3.
LaTeX Font Info:    ... okay on input line 3.
LaTeX Font Info:    Checking defaults for OMX/cmex/m/n on input line 3.
LaTeX Font Info:    ... okay on input line 3.
LaTeX Font Info:    Checking defaults for U/cmr/m/n on input line 3.
LaTeX Font Info:    ... okay on input line 3.

Overfull \hbox (80.24629pt too wide) in paragraph at lines 28--28
[]    \OT1/cmtt/m/n/10 -rw-r--r-- 1 UNIPR\l.davoli9 UNIPR\domain^users 603 nov 
18 12:17 big_file.txt[] 
 []


Overfull \hbox (95.99615pt too wide) in paragraph at lines 28--28
[]    \OT1/cmtt/m/n/10 -rw-r--r-- 1 UNIPR\l.davoli9 UNIPR\domain^users 112 nov 
18 12:24 medium_file.txt[] 
 []


Overfull \hbox (90.7462pt too wide) in paragraph at lines 28--28
[]    \OT1/cmtt/m/n/10 -rw-r--r-- 1 UNIPR\l.davoli9 UNIPR\domain^users  14 nov 
18 12:16 small_file.txt[] 
 []


Overfull \hbox (90.7462pt too wide) in paragraph at lines 34--34
[]    \OT1/cmtt/m/n/10 -rw-r--r-- 1 UNIPR\l.davoli9 UNIPR\domain^users  14 nov 
18 12:16 small_file.txt[] 
 []


Overfull \hbox (95.99615pt too wide) in paragraph at lines 34--34
[]    \OT1/cmtt/m/n/10 -rw-r--r-- 1 UNIPR\l.davoli9 UNIPR\domain^users 112 nov 
18  2021 medium_file.txt[] 
 []


Overfull \hbox (80.24629pt too wide) in paragraph at lines 34--34
[]    \OT1/cmtt/m/n/10 -rw-r--r-- 1 UNIPR\l.davoli9 UNIPR\domain^users 603 nov 
18 12:17 big_file.txt[] 
 []

LaTeX Font Info:    Font shape `OT1/cmtt/bx/n' in size <12> not available
(Font)              Font shape `OT1/cmtt/m/n' tried instead on input line 36.
[1

] [2] (./doc.aux) ) 
Here is how much of TeX's memory you used:
 383 strings out of 483173
 6428 string characters out of 5965841
 236631 words of memory out of 5000000
 15481 multiletter control sequences out of 15000+600000
 534220 words of font info for 31 fonts, out of 8000000 for 9000
 14 hyphenation exceptions out of 8191
 25i,4n,20p,217b,149s stack positions out of 5000i,500n,10000p,200000b,80000s

Output written on doc.dvi (2 pages, 5376 bytes).
