0. CNN from scratch (Tensorflow): 0.90 train acc - 0.55 val acc [overfitting]

1. No layers frozen (complete finetuning) [very slight overfitting] [no data augment]
0.999 train acc - 0.966 val acc - 30 mins on GPU

2. No layers frozen (complete finetuning) [data aug: horizontal flipping]

3. All layers frozen except for the new FC one
0.8636 train acc - 0.904 validation acc - 14mins on GPU | epoch: 15/20

4. Partial Freezing (all layers frozen except last sequential block + FC)
0.872 train acc - 0.890 validation acc - 19mins on GPU | epoch 14/16

5. EFFICIENTNET_B3_IMAGENET21K - No freezing
0.9999 train acc - 0.9540 validation acc - 35mins on GPU | epoch 14/16

5.1. EFFICIENTNET_B3_IMAGENET21K - Partial Freezing (train head conv + classifier)
0.9606 train acc - 0.8340 validation acc - 11 mins on GPU | epoch 16/16
0.914 test accuracy - 0.9122 F1-score

5.2. EFFICIENTNET_B3_IMAGENET21K - Partial Freezing - staged finetuning
0.9997 train acc - 0.9120 validation acc - 9+9 mins on GPU | epoch 10+15/25
0.916 test accuracy - 0.9154 F1-score

5.3. EFFICIENTNET_B3_IMAGENET21K - Partial Freezing + dropout (0.5)
0.9555 train acc - 0.9400 validation acc - 13 mins on GPU | epoch 13/20
0.954 test accuracy - 0.9532 F1-score


### FROM SCRATCH

======================================================
V1 - Baseline | Training result: serious overfitting
Epoch progress: 20/20
--------------------
[train] Loss: 0.1249, Accuracy: 0.9609
[val] Loss: 5.8923, Accuracy: 0.4060
training time: 6mins 12secs
Best Val Accuracy: 0.484000

Test Set results: Accuracy: 0.458, F1-Score: 0.4462567987567987

======================================================
V1.1 - Baseline + dropout | Training result: moderate overfitting
Epoch progress: 20/20
--------------------
[train] Loss: 1.1266, Accuracy: 0.6865
[val] Loss: 2.4384, Accuracy: 0.4420
training time: 6mins 14secs
Best Val Accuracy: 0.452000

Test Set Results: Accuracy: 0.45, F1-Score: 0.4344452930110825

======================================================
V1.2 - Baseline + batch normalization (on all conv layers) | Training result: high overfitting
Epoch progress: 20/20
--------------------
[train] Loss: 0.2143, Accuracy: 0.9328
[val] Loss: 2.8431, Accuracy: 0.4880
training time: 7mins 5secs
Best Val Accuracy: 0.488000

Test Set results: Accuracy: 0.52, F1-Score: 0.5105157182858422

======================================================
V1.3 - Baseline + random resize image crop + batch normalization (on all conv layers) | Training result: high overfitting
[train] Loss: 0.7902, Accuracy: 0.7762
[val] Loss: 1.9234, Accuracy: 0.5600

training time: 4mins 29secs
Best Val Accuracy: 0.624000
--------------------
Test Set results: Accuracy: 0.674, F1-Score: 0.656646943636074

======================================================
v1.4_gaussian_blur - [REVERTED] Training result: Very bad feature learining (because no edges most likely)
Epoch progress: 20/20
--------------------
[train] Loss: 1.8866, Accuracy: 0.5099
[val] Loss: 5.6009, Accuracy: 0.2260
training time: 7mins 3secs
Best Val Accuracy: 0.358000

Test Set results: Accuracy: 0.412, F1-Score: 0.37076581133005276

======================================================
v1.5_no_dropout_val_inference Training result: Found first cause of overfitting
Epoch progress: 20/20
--------------------
[train] Loss: 1.6986, Accuracy: 0.5652
[val] Loss: 2.2267, Accuracy: 0.4680
training time: 7mins 0secs
Best Val Accuracy: 0.468000

Test Set results: Accuracy: 0.508, F1-Score: 0.48716069748964475

======================================================
v1.6_adaptiveavgpool Training results: Found second cause of overfitting
Epoch progress: 20/20
--------------------
[train] Loss: 2.0423, Accuracy: 0.4558
[val] Loss: 2.4452, Accuracy: 0.4060
training time: 4mins 17secs
Best Val Accuracy: 0.426000

Test Set results: Accuracy: 0.454, F1-Score: 0.4162040307473744

======================================================
v1.7_no_dropout_inference Training results: adaptiveavgpool + no dropout solved overfitting
Epoch progress: 20/20
--------------------
[train] Loss: 2.0325, Accuracy: 0.4625
[val] Loss: 1.8096, Accuracy: 0.5280
training time: 4mins 20secs
Best Val Accuracy: 0.528000

Test Set results: Accuracy: 0.528, F1-Score: 0.49278011454564485

======================================================
v1.8_conv5 Training results: Better performances for adaptiveavgpool
Epoch progress: 20/20
--------------------
[train] Loss: 1.2515, Accuracy: 0.6488
[val] Loss: 1.2886, Accuracy: 0.6520
training time: 4mins 15secs
Best Val Accuracy: 0.652000

Test Set results: Accuracy: 0.686, F1-Score: 0.6703256041344277

======================================================
v1.9_more_epochs Training results: Can push more epochs now, very little overfitting but good val and test accuracy
Epoch progress: 40/40
--------------------
[train] Loss: 0.7121, Accuracy: 0.7895
[val] Loss: 0.8928, Accuracy: 0.7540
training time: 8mins 18secs
Best Val Accuracy: 0.754000

Test Set results: Accuracy: 0.792, F1-Score: 0.7779246586746585
======================================================
v1.10_random_erasing [REVERTED] Training Results: not good (removing edges is a technique that affects performance too much)
Epoch progress: 40/40
--------------------
[train] Loss: 1.4146, Accuracy: 0.6078
[val] Loss: 1.7122, Accuracy: 0.5640
training time: 13mins 0secs
Best Val Accuracy: 0.626000

Test Set results: Accuracy: 0.628, F1-Score: 0.6039565082544622

======================================================
v1.11_rand_adjust_sharpness: Training results: less prone to overfitting but needs more epoch to train (60)
Epoch progress: 60/60
--------------------
[train] Loss: 0.9916, Accuracy: 0.7127
[val] Loss: 0.9689, Accuracy: 0.7460
training time: 19mins 30secs
Best Val Accuracy: 0.746000

Test Set results: Accuracy: 0.78, F1-Score: 0.7713966311466309

======================================================
v1.12_80_epochs: [REVERTED] Diminishing return on last 20 epochs, not really worth (seems a lot more but RX6950 just performs better on training)
Epoch progress: 80/80
--------------------
[train] Loss: 0.3604, Accuracy: 0.8914
[val] Loss: 0.8194, Accuracy: 0.8000
training time: 17mins 9secs
Best Val Accuracy: 0.832000

Test Set results: Accuracy: 0.836, F1-Score: 0.8272195304695303

====================================================== TASK 2 ======================================================
No gamma correction, bare bone baseline2 on degraded test set
v1.12_80_epochs on degraded test set: Accuracy: 0.5620, F1-Score: 0.5541

with gamma correction (naive)
Accuracy: 0.4760, F1-Score: 0.4623

with white balancing (gray world assumption)
Accuracy: 0.5320, F1-Score: 0.5295

with wb (gray world) + gamma correction (naive)
Accuracy: 0.4500, F1-Score: 0.4459

======================================================
v2.0_color_jitter: Training results, separation between training and validation curve [validation is now always higher]
Epoch progress: 60/60
--------------------
[train] Loss: 1.2886, Accuracy: 0.6409
[val] Loss: 0.9709, Accuracy: 0.7460
Training time: 32mins 23secs        [long training time due to training on RX9070-WSL environement]
Best Val Accuracy: 0.746000

Test Set results: F1-Score: 0.7613, Accuracy: 77.2085, Top-3 Acc: 91.4213, Top-5 Acc: 93.7650
Degraded Test Set results: F1-Score: 0.5785, Accuracy: 58.6238, Top-3 Acc: 78.6659, Top-5 Acc: 85.1412

======================================================
v2.1_more_epochs: scarce improvements for 20 more training epochs, but no trace of overfitting.
Epoch progress: 80/80
--------------------
[train] Loss: 1.0131, Accuracy: 0.7131
[val] Loss: 0.8720, Accuracy: 0.7600
Training time: 39mins 57secs        [long training time due to training on RX9070-WSL environement]
Best Val Accuracy: 0.760000

Test Set results: F1-Score: 0.7750, Accuracy: 78.5156, Top-3 Acc: 91.3311, Top-5 Acc: 94.9369
Degraded Test Set results: 0.6113, Accuracy: 61.9742, Top-3 Acc: 81.2951, Top-5 Acc: 86.8990

contrast stetch test set enhancement: not worth it [Acc -5.5%]